<?xml version="1.0" encoding="UTF-8"?>
<!-- Generated by org.testng.reporters.JUnitReportReporter -->
<testsuite hostname="Ebase-PC" name="TestScript.Tests" tests="4" failures="0" timestamp="3 Sep 2017 21:49:35 GMT" time="0.029" errors="0">
  <testcase name="lengthZero" time="0.000" classname="TestScript.Tests"/>
  <testcase name="charCount" time="0.015" classname="TestScript.Tests"/>
  <testcase name="negitiveAndZeroNumber" time="0.014" classname="TestScript.Tests"/>
  <testcase name="exceedMaxInputLength" time="0.000" classname="TestScript.Tests"/>
</testsuite> <!-- TestScript.Tests -->
