<?xml version="1.0" encoding="UTF-8"?>
<!-- Generated by org.testng.reporters.JUnitReportReporter -->
<testsuite skipped="0" hostname="Ebase-PC" name="TestScript.Tests" tests="4" failures="0" timestamp="03 Sep 2017 21:49:50 GMT" time="0.021" errors="0">
  <testcase name="exceedMaxInputLength" time="0.000" classname="TestScript.Tests"/>
  <testcase name="negitiveAndZeroNumber" time="0.004" classname="TestScript.Tests"/>
  <testcase name="lengthZero" time="0.002" classname="TestScript.Tests"/>
  <testcase name="charCount" time="0.015" classname="TestScript.Tests"/>
</testsuite> <!-- TestScript.Tests -->
